<?xml version="1.0" encoding="UTF-8"?>
<testng-results skipped="0" failed="0" total="1" passed="1">
  <reporter-output>
  </reporter-output>
  <suite name="Default suite" duration-ms="1769" started-at="2019-07-25T18:19:41Z" finished-at="2019-07-25T18:19:42Z">
    <groups>
    </groups>
    <test name="Default test" duration-ms="1769" started-at="2019-07-25T18:19:41Z" finished-at="2019-07-25T18:19:42Z">
      <class name="com.qa.test.PostApiTest">
        <test-method status="PASS" signature="Set_up()[pri:0, instance:com.qa.test.PostApiTest@326de728]" name="Set_up" is-config="true" duration-ms="14" started-at="2019-07-25T14:19:41Z" finished-at="2019-07-25T14:19:41Z">
          <reporter-output>
          </reporter-output>
        </test-method> <!-- Set_up -->
        <test-method status="PASS" signature="postApiTest()[pri:0, instance:com.qa.test.PostApiTest@326de728]" name="postApiTest" duration-ms="1702" started-at="2019-07-25T14:19:41Z" finished-at="2019-07-25T14:19:42Z">
          <reporter-output>
          </reporter-output>
        </test-method> <!-- postApiTest -->
        <test-method status="PASS" signature="afterMethod()[pri:0, instance:com.qa.test.PostApiTest@326de728]" name="afterMethod" is-config="true" duration-ms="0" started-at="2019-07-25T14:19:42Z" finished-at="2019-07-25T14:19:42Z">
          <reporter-output>
          </reporter-output>
        </test-method> <!-- afterMethod -->
      </class> <!-- com.qa.test.PostApiTest -->
    </test> <!-- Default test -->
  </suite> <!-- Default suite -->
</testng-results>
